[
  {
    "Plan": {
      "Node Type": "Nested Loop",
      "Join Type": "Inner",
      "Startup Cost": 217644.89,
      "Total Cost": 1918122.53,
      "Plan Rows": 27576,
      "Plan Width": 271,
      "Actual Startup Time": 12427.539,
      "Actual Total Time": 33563.163,
      "Actual Rows": 1537508,
      "Actual Loops": 1,
      "Plans": [
        {
          "Node Type": "Hash Join",
          "Parent Relationship": "Outer",
          "Join Type": "Inner",
          "Startup Cost": 217644.89,
          "Total Cost": 1917776.78,
          "Plan Rows": 6894,
          "Plan Width": 67,
          "Actual Startup Time": 12427.529,
          "Actual Total Time": 33351.806,
          "Actual Rows": 384377,
          "Actual Loops": 1,
          "Hash Cond": "(tr.\"nroAvion\" = av.\"nroAvion\")",
          "Plans": [
            {
              "Node Type": "Seq Scan",
              "Parent Relationship": "Outer",
              "Relation Name": "trabajadorReparacion",
              "Alias": "tr",
              "Startup Cost": 0.00,
              "Total Cost": 1691017.96,
              "Plan Rows": 2411996,
              "Plan Width": 16,
              "Actual Startup Time": 0.012,
              "Actual Total Time": 14745.468,
              "Actual Rows": 134712980,
              "Actual Loops": 1
            },
            {
              "Node Type": "Hash",
              "Parent Relationship": "Inner",
              "Startup Cost": 217424.66,
              "Total Cost": 217424.66,
              "Plan Rows": 17619,
              "Plan Width": 55,
              "Actual Startup Time": 2986.841,
              "Actual Total Time": 2986.841,
              "Actual Rows": 70000,
              "Actual Loops": 1,
              "Hash Buckets": 65536,
              "Original Hash Buckets": 32768,
              "Hash Batches": 2,
              "Original Hash Batches": 1,
              "Peak Memory Usage": 3585,
              "Plans": [
                {
                  "Node Type": "Hash Join",
                  "Parent Relationship": "Outer",
                  "Join Type": "Inner",
                  "Startup Cost": 110.70,
                  "Total Cost": 217424.66,
                  "Plan Rows": 17619,
                  "Plan Width": 55,
                  "Actual Startup Time": 769.470,
                  "Actual Total Time": 2975.255,
                  "Actual Rows": 70000,
                  "Actual Loops": 1,
                  "Hash Cond": "(av.\"tipoModelo\" = md.\"tipoModelo\")",
                  "Plans": [
                    {
                      "Node Type": "Seq Scan",
                      "Parent Relationship": "Outer",
                      "Relation Name": "avion",
                      "Alias": "av",
                      "Startup Cost": 0.00,
                      "Total Cost": 194021.74,
                      "Plan Rows": 6164274,
                      "Plan Width": 8,
                      "Actual Startup Time": 0.012,
                      "Actual Total Time": 1551.219,
                      "Actual Rows": 24490006,
                      "Actual Loops": 1
                    },
                    {
                      "Node Type": "Hash",
                      "Parent Relationship": "Inner",
                      "Startup Cost": 110.61,
                      "Total Cost": 110.61,
                      "Plan Rows": 7,
                      "Plan Width": 55,
                      "Actual Startup Time": 0.873,
                      "Actual Total Time": 0.873,
                      "Actual Rows": 7,
                      "Actual Loops": 1,
                      "Hash Buckets": 1024,
                      "Original Hash Buckets": 1024,
                      "Hash Batches": 1,
                      "Original Hash Batches": 1,
                      "Peak Memory Usage": 9,
                      "Plans": [
                        {
                          "Node Type": "Seq Scan",
                          "Parent Relationship": "Outer",
                          "Relation Name": "modeloAvion",
                          "Alias": "md",
                          "Startup Cost": 0.00,
                          "Total Cost": 110.61,
                          "Plan Rows": 7,
                          "Plan Width": 55,
                          "Actual Startup Time": 0.337,
                          "Actual Total Time": 0.850,
                          "Actual Rows": 7,
                          "Actual Loops": 1,
                          "Filter": "(capacidad = 1959)",
                          "Rows Removed by Filter": 2442
                        }
                      ]
                    }
                  ]
                }
              ]
            }
          ]
        },
        {
          "Node Type": "Materialize",
          "Parent Relationship": "Inner",
          "Startup Cost": 0.00,
          "Total Cost": 1.06,
          "Plan Rows": 4,
          "Plan Width": 204,
          "Actual Startup Time": 0.000,
          "Actual Total Time": 0.000,
          "Actual Rows": 4,
          "Actual Loops": 384377,
          "Plans": [
            {
              "Node Type": "Seq Scan",
              "Parent Relationship": "Outer",
              "Relation Name": "falla",
              "Alias": "f",
              "Startup Cost": 0.00,
              "Total Cost": 1.04,
              "Plan Rows": 4,
              "Plan Width": 204,
              "Actual Startup Time": 0.007,
              "Actual Total Time": 0.007,
              "Actual Rows": 4,
              "Actual Loops": 1
            }
          ]
        }
      ]
    },
    "Planning Time": 2.139,
    "Triggers": [
    ],
    "Execution Time": 33600.445
  }
]
